<?xml version="1.0" encoding="UTF-8"?>
<testsuite xmlns:xsi="http://www.w3.org/2001/XMLSchema-instance" xsi:noNamespaceSchemaLocation="https://maven.apache.org/surefire/maven-surefire-plugin/xsd/surefire-test-report-3.0.xsd" version="3.0" name="com.cakmak.eng.deneme.DenemetestApplicationTests" time="7.263" tests="1" errors="0" skipped="0" failures="0">
  <properties>
[...]
</properties>
  <testcase name="contextLoads" classname="com.cakmak.eng.deneme.DenemetestApplicationTests" time="0.745">
    <system-out><![CDATA[22:16:57.532 [main] INFO org.springframework.test.context.support.AnnotationConfigContextLoaderUtils -- Could not detect default configuration classes for test class [com.cakmak.eng.deneme.DenemetestApplicationTests]: DenemetestApplicationTests does not declare any static, non-private, non-final, nested classes annotated with @Configuration.
22:16:57.671 [main] INFO org.springframework.boot.test.context.SpringBootTestContextBootstrapper -- Found @SpringBootConfiguration com.cakmak.eng.deneme.DenemetestApplication for test class com.cakmak.eng.deneme.DenemetestApplicationTests

  .   ____          _            __ _ _
 /\\ / ___'_ __ _ _(_)_ __  __ _ \ \ \ \
( ( )\___ | '_ | '_| | '_ \/ _` | \ \ \ \
 \\/  ___)| |_)| | | | | || (_| |  ) ) ) )
  '  |____| .__|_| |_|_| |_\__, | / / / /
 =========|_|==============|___/=/_/_/_/
 :: Spring Boot ::                (v3.1.2)

2023-08-20T22:16:58.318+03:00  INFO 19544 --- [           main] c.c.e.deneme.DenemetestApplicationTests  : Starting DenemetestApplicationTests using Java 17.0.7 with PID 19544 (started by trmuk in C:\GitRepo\alican\SpringBootTest)
2023-08-20T22:16:58.321+03:00  INFO 19544 --- [           main] c.c.e.deneme.DenemetestApplicationTests  : No active profile set, falling back to 1 default profile: "default"
2023-08-20T22:16:59.317+03:00  INFO 19544 --- [           main] .s.d.r.c.RepositoryConfigurationDelegate : Bootstrapping Spring Data JPA repositories in DEFAULT mode.
2023-08-20T22:16:59.407+03:00  INFO 19544 --- [           main] .s.d.r.c.RepositoryConfigurationDelegate : Finished Spring Data repository scanning in 77 ms. Found 2 JPA repository interfaces.
2023-08-20T22:17:00.120+03:00  INFO 19544 --- [           main] o.hibernate.jpa.internal.util.LogHelper  : HHH000204: Processing PersistenceUnitInfo [name: default]
2023-08-20T22:17:00.208+03:00  INFO 19544 --- [           main] org.hibernate.Version                    : HHH000412: Hibernate ORM core version 6.2.6.Final
2023-08-20T22:17:00.211+03:00  INFO 19544 --- [           main] org.hibernate.cfg.Environment            : HHH000406: Using bytecode reflection optimizer
2023-08-20T22:17:00.477+03:00  INFO 19544 --- [           main] o.h.b.i.BytecodeProviderInitiator        : HHH000021: Bytecode provider name : bytebuddy
2023-08-20T22:17:00.712+03:00  INFO 19544 --- [           main] o.s.o.j.p.SpringPersistenceUnitInfo      : No LoadTimeWeaver setup: ignoring JPA class transformer
2023-08-20T22:17:00.736+03:00  INFO 19544 --- [           main] com.zaxxer.hikari.HikariDataSource       : HikariPool-1 - Starting...
2023-08-20T22:17:01.121+03:00  INFO 19544 --- [           main] com.zaxxer.hikari.pool.HikariPool        : HikariPool-1 - Added connection org.postgresql.jdbc.PgConnection@11e71181
2023-08-20T22:17:01.126+03:00  INFO 19544 --- [           main] com.zaxxer.hikari.HikariDataSource       : HikariPool-1 - Start completed.
2023-08-20T22:17:01.631+03:00  INFO 19544 --- [           main] o.h.b.i.BytecodeProviderInitiator        : HHH000021: Bytecode provider name : bytebuddy
2023-08-20T22:17:02.613+03:00  INFO 19544 --- [           main] o.h.e.t.j.p.i.JtaPlatformInitiator       : HHH000490: Using JtaPlatform implementation: [org.hibernate.engine.transaction.jta.platform.internal.NoJtaPlatform]
2023-08-20T22:17:02.655+03:00  INFO 19544 --- [           main] j.LocalContainerEntityManagerFactoryBean : Initialized JPA EntityManagerFactory for persistence unit 'default'
2023-08-20T22:17:03.280+03:00  WARN 19544 --- [           main] JpaBaseConfiguration$JpaWebConfiguration : spring.jpa.open-in-view is enabled by default. Therefore, database queries may be performed during view rendering. Explicitly configure spring.jpa.open-in-view to disable this warning
2023-08-20T22:17:03.838+03:00  INFO 19544 --- [           main] c.c.e.deneme.DenemetestApplicationTests  : Started DenemetestApplicationTests in 5.946 seconds (process running for 7.205)
]]></system-out>
  </testcase>
</testsuite>